0 info it worked if it ends with ok
1 verbose cli [ 'node', '/usr/local/bin/npm', 'install', 'request' ]
2 info using npm@2.10.0
3 info using node@v0.10.38
4 verbose install initial load of /Users/zombie/javascript/lending-club/lending-api/package.json
5 warn package.json lending-api@1.0.0 No repository field.
6 warn package.json lending-api@1.0.0 No README data
7 verbose readDependencies loading dependencies from /Users/zombie/javascript/lending-club/lending-api/package.json
8 silly cache add args [ 'request', null ]
9 verbose cache add spec request
10 silly cache add parsed spec { raw: 'request',
10 silly cache add   scope: null,
10 silly cache add   name: 'request',
10 silly cache add   rawSpec: '',
10 silly cache add   spec: '*',
10 silly cache add   type: 'range' }
11 silly addNamed request@*
12 verbose addNamed "*" is a valid semver range for request
13 silly addNameRange { name: 'request', range: '*', hasData: false }
14 silly mapToRegistry name request
15 silly mapToRegistry using default registry
16 silly mapToRegistry registry https://registry.npmjs.org/
17 silly mapToRegistry uri https://registry.npmjs.org/request
18 verbose addNameRange registry:https://registry.npmjs.org/request not in flight; fetching
19 verbose request uri https://registry.npmjs.org/request
20 verbose request no auth needed
21 info attempt registry request try #1 at 21:31:54
22 verbose request id 538224feb0e1efb7
23 verbose etag "8B1RXB1TQV50DBN40AHM2HWXJ"
24 http request GET https://registry.npmjs.org/request
25 http 304 https://registry.npmjs.org/request
26 silly get cb [ 304,
26 silly get   { date: 'Mon, 18 May 2015 04:31:52 GMT',
26 silly get     via: '1.1 varnish',
26 silly get     'cache-control': 'max-age=60',
26 silly get     etag: '"8B1RXB1TQV50DBN40AHM2HWXJ"',
26 silly get     age: '56',
26 silly get     connection: 'keep-alive',
26 silly get     'x-served-by': 'cache-sjc3135-SJC',
26 silly get     'x-cache': 'HIT',
26 silly get     'x-cache-hits': '1',
26 silly get     'x-timer': 'S1431923512.939355,VS0,VE0',
26 silly get     vary: 'Accept' } ]
27 verbose etag https://registry.npmjs.org/request from cache
28 verbose get saving request to /Users/zombie/.npm/registry.npmjs.org/request/.cache.json
29 silly addNameRange number 2 { name: 'request', range: '*', hasData: true }
30 silly addNameRange versions [ 'request',
30 silly addNameRange   [ '0.10.0',
30 silly addNameRange     '0.8.3',
30 silly addNameRange     '0.9.0',
30 silly addNameRange     '0.9.1',
30 silly addNameRange     '0.9.5',
30 silly addNameRange     '1.0.0',
30 silly addNameRange     '1.1.0',
30 silly addNameRange     '1.1.1',
30 silly addNameRange     '1.2.0',
30 silly addNameRange     '1.9.0',
30 silly addNameRange     '1.9.1',
30 silly addNameRange     '1.9.2',
30 silly addNameRange     '1.9.3',
30 silly addNameRange     '1.9.5',
30 silly addNameRange     '1.9.7',
30 silly addNameRange     '1.9.8',
30 silly addNameRange     '1.9.9',
30 silly addNameRange     '2.0.0',
30 silly addNameRange     '2.0.1',
30 silly addNameRange     '2.0.2',
30 silly addNameRange     '2.0.3',
30 silly addNameRange     '2.0.4',
30 silly addNameRange     '2.0.5',
30 silly addNameRange     '2.1.0',
30 silly addNameRange     '2.1.1',
30 silly addNameRange     '2.2.0',
30 silly addNameRange     '2.2.5',
30 silly addNameRange     '2.2.6',
30 silly addNameRange     '2.2.9',
30 silly addNameRange     '2.9.0',
30 silly addNameRange     '2.9.1',
30 silly addNameRange     '2.9.2',
30 silly addNameRange     '2.9.3',
30 silly addNameRange     '2.9.100',
30 silly addNameRange     '2.9.150',
30 silly addNameRange     '2.9.151',
30 silly addNameRange     '2.9.152',
30 silly addNameRange     '2.9.153',
30 silly addNameRange     '2.9.200',
30 silly addNameRange     '2.9.201',
30 silly addNameRange     '2.9.202',
30 silly addNameRange     '2.9.203',
30 silly addNameRange     '2.10.0',
30 silly addNameRange     '2.11.0',
30 silly addNameRange     '2.11.1',
30 silly addNameRange     '2.11.2',
30 silly addNameRange     '2.11.3',
30 silly addNameRange     '2.11.4',
30 silly addNameRange     '2.12.0',
30 silly addNameRange     '2.14.0',
30 silly addNameRange     '2.16.0',
30 silly addNameRange     '2.16.2',
30 silly addNameRange     '2.16.4',
30 silly addNameRange     '2.16.6',
30 silly addNameRange     '2.18.0',
30 silly addNameRange     '2.19.0',
30 silly addNameRange     '2.20.0',
30 silly addNameRange     '2.21.0',
30 silly addNameRange     '2.22.0',
30 silly addNameRange     '2.23.0',
30 silly addNameRange     '2.24.0',
30 silly addNameRange     '2.25.0',
30 silly addNameRange     '2.26.0',
30 silly addNameRange     '2.27.0',
30 silly addNameRange     '2.28.0',
30 silly addNameRange     '2.29.0',
30 silly addNameRange     '2.30.0',
30 silly addNameRange     '2.31.0',
30 silly addNameRange     '2.32.0',
30 silly addNameRange     '2.33.0',
30 silly addNameRange     '2.34.0',
30 silly addNameRange     '2.35.0',
30 silly addNameRange     '2.36.0',
30 silly addNameRange     '2.37.0',
30 silly addNameRange     '2.38.0',
30 silly addNameRange     '2.39.0',
30 silly addNameRange     '2.40.0',
30 silly addNameRange     '2.41.0',
30 silly addNameRange     '2.42.0',
30 silly addNameRange     '2.43.0',
30 silly addNameRange     '2.44.0',
30 silly addNameRange     '2.45.0',
30 silly addNameRange     '2.46.0',
30 silly addNameRange     '2.47.0',
30 silly addNameRange     '2.48.0',
30 silly addNameRange     '2.49.0',
30 silly addNameRange     '2.50.0',
30 silly addNameRange     '2.51.0',
30 silly addNameRange     '2.52.0',
30 silly addNameRange     '2.53.0',
30 silly addNameRange     '2.54.0',
30 silly addNameRange     '2.55.0' ] ]
31 silly addNamed request@2.55.0
32 verbose addNamed "2.55.0" is a plain semver version for request
33 silly cache afterAdd request@2.55.0
34 verbose afterAdd /Users/zombie/.npm/request/2.55.0/package/package.json not in flight; writing
35 verbose afterAdd /Users/zombie/.npm/request/2.55.0/package/package.json written
36 silly install resolved [ { name: 'request',
36 silly install resolved     description: 'Simplified HTTP request client.',
36 silly install resolved     tags: [ 'http', 'simple', 'util', 'utility' ],
36 silly install resolved     version: '2.55.0',
36 silly install resolved     author: { name: 'Mikeal Rogers', email: 'mikeal.rogers@gmail.com' },
36 silly install resolved     repository:
36 silly install resolved      { type: 'git',
36 silly install resolved        url: 'git+https://github.com/request/request.git' },
36 silly install resolved     bugs: { url: 'http://github.com/request/request/issues' },
36 silly install resolved     license: 'Apache-2.0',
36 silly install resolved     engines: { node: '>=0.8.0' },
36 silly install resolved     main: 'index.js',
36 silly install resolved     dependencies:
36 silly install resolved      { bl: '~0.9.0',
36 silly install resolved        caseless: '~0.9.0',
36 silly install resolved        'forever-agent': '~0.6.0',
36 silly install resolved        'form-data': '~0.2.0',
36 silly install resolved        'json-stringify-safe': '~5.0.0',
36 silly install resolved        'mime-types': '~2.0.1',
36 silly install resolved        'node-uuid': '~1.4.0',
36 silly install resolved        qs: '~2.4.0',
36 silly install resolved        'tunnel-agent': '~0.4.0',
36 silly install resolved        'tough-cookie': '>=0.12.0',
36 silly install resolved        'http-signature': '~0.10.0',
36 silly install resolved        'oauth-sign': '~0.6.0',
36 silly install resolved        hawk: '~2.3.0',
36 silly install resolved        'aws-sign2': '~0.5.0',
36 silly install resolved        stringstream: '~0.0.4',
36 silly install resolved        'combined-stream': '~0.0.5',
36 silly install resolved        isstream: '~0.1.1',
36 silly install resolved        'har-validator': '^1.4.0' },
36 silly install resolved     scripts:
36 silly install resolved      { test: 'npm run lint && node node_modules/.bin/taper tests/test-*.js && npm run test-browser',
36 silly install resolved        'test-browser': 'node tests/browser/start.js',
36 silly install resolved        lint: 'node node_modules/.bin/eslint lib/ *.js tests/ && echo Lint passed.' },
36 silly install resolved     devDependencies:
36 silly install resolved      { browserify: '~5.9.1',
36 silly install resolved        'browserify-istanbul': '~0.1.3',
36 silly install resolved        coveralls: '~2.11.2',
36 silly install resolved        eslint: '0.17.1',
36 silly install resolved        'function-bind': '~1.0.0',
36 silly install resolved        istanbul: '~0.3.2',
36 silly install resolved        karma: '~0.12.21',
36 silly install resolved        'karma-browserify': '~3.0.1',
36 silly install resolved        'karma-cli': '0.0.4',
36 silly install resolved        'karma-coverage': '0.2.6',
36 silly install resolved        'karma-phantomjs-launcher': '~0.1.4',
36 silly install resolved        'karma-tap': '~1.0.1',
36 silly install resolved        rimraf: '~2.2.8',
36 silly install resolved        'server-destroy': '~1.0.0',
36 silly install resolved        tape: '~3.0.0',
36 silly install resolved        taper: '~0.4.0',
36 silly install resolved        bluebird: '~2.9.21' },
36 silly install resolved     gitHead: 'b6000376387db12d0c2d7ed9ee87b0ba123e36dc',
36 silly install resolved     homepage: 'https://github.com/request/request',
36 silly install resolved     _id: 'request@2.55.0',
36 silly install resolved     _shasum: 'd75c1cdf679d76bb100f9bffe1fe551b5c24e93d',
36 silly install resolved     _from: 'request@*',
36 silly install resolved     _npmVersion: '1.4.28',
36 silly install resolved     _npmUser: { name: 'simov', email: 'simeonvelichkov@gmail.com' },
36 silly install resolved     maintainers: [ [Object], [Object], [Object], [Object] ],
36 silly install resolved     dist:
36 silly install resolved      { shasum: 'd75c1cdf679d76bb100f9bffe1fe551b5c24e93d',
36 silly install resolved        tarball: 'http://registry.npmjs.org/request/-/request-2.55.0.tgz' },
36 silly install resolved     directories: {},
36 silly install resolved     _resolved: 'https://registry.npmjs.org/request/-/request-2.55.0.tgz',
36 silly install resolved     readme: 'ERROR: No README data found!' } ]
37 info install request@2.55.0 into /Users/zombie/javascript/lending-club/lending-api
38 info installOne request@2.55.0
39 verbose installOne of request to /Users/zombie/javascript/lending-club/lending-api not in flight; installing
40 warn locking Error: EACCES, open '/Users/zombie/.npm/_locks/request-9a66e00944c14a20.lock'
40 warn locking  /Users/zombie/.npm/_locks/request-9a66e00944c14a20.lock failed { [Error: EACCES, open '/Users/zombie/.npm/_locks/request-9a66e00944c14a20.lock']
40 warn locking   errno: 3,
40 warn locking   code: 'EACCES',
40 warn locking   path: '/Users/zombie/.npm/_locks/request-9a66e00944c14a20.lock' }
41 verbose stack Error: Attempt to unlock /Users/zombie/javascript/lending-club/lending-api/node_modules/request, which hasn't been locked
41 verbose stack     at unlock (/usr/local/lib/node_modules/npm/lib/utils/locker.js:66:11)
41 verbose stack     at cb (/usr/local/lib/node_modules/npm/lib/install.js:1017:5)
41 verbose stack     at /usr/local/lib/node_modules/npm/lib/install.js:1021:20
41 verbose stack     at /usr/local/lib/node_modules/npm/lib/utils/locker.js:40:9
41 verbose stack     at cb (/usr/local/lib/node_modules/npm/node_modules/lockfile/lockfile.js:149:38)
41 verbose stack     at /usr/local/lib/node_modules/npm/node_modules/lockfile/lockfile.js:177:38
41 verbose stack     at Object.oncomplete (fs.js:108:15)
42 verbose cwd /Users/zombie/javascript/lending-club/lending-api/lib
43 error Darwin 14.3.0
44 error argv "node" "/usr/local/bin/npm" "install" "request"
45 error node v0.10.38
46 error npm  v2.10.0
47 error Attempt to unlock /Users/zombie/javascript/lending-club/lending-api/node_modules/request, which hasn't been locked
48 error If you need help, you may report this error at:
48 error     <https://github.com/npm/npm/issues>
49 verbose exit [ 1, true ]
